{"/Users/michalsek/Documents/home/padadiddle/src/App.tsx": {"path":"/Users/michalsek/Documents/home/padadiddle/src/App.tsx","statementMap":{"0":{"start":{"line":3,"column":16},"end":{"line":3,"column":102}},"1":{"start":{"line":11,"column":2},"end":{"line":11,"column":40}}},"fnMap":{"0":{"name":"App","decl":{"start":{"line":10,"column":24},"end":{"line":10,"column":27}},"loc":{"start":{"line":10,"column":30},"end":{"line":12,"column":1}},"line":10}},"branchMap":{},"s":{"0":0,"1":0},"f":{"0":0},"b":{}}
,"/Users/michalsek/Documents/home/padadiddle/src/app/_layout.tsx": {"path":"/Users/michalsek/Documents/home/padadiddle/src/app/_layout.tsx","statementMap":{"0":{"start":{"line":12,"column":2},"end":{"line":38,"column":4}},"1":{"start":{"line":19,"column":12},"end":{"line":23,"column":19}}},"fnMap":{"0":{"name":"RootLayout","decl":{"start":{"line":11,"column":24},"end":{"line":11,"column":34}},"loc":{"start":{"line":11,"column":37},"end":{"line":39,"column":1}},"line":11},"1":{"name":"(anonymous_1)","decl":{"start":{"line":18,"column":23},"end":{"line":18,"column":24}},"loc":{"start":{"line":19,"column":12},"end":{"line":23,"column":19}},"line":19}},"branchMap":{},"s":{"0":0,"1":0},"f":{"0":0,"1":0},"b":{}}
,"/Users/michalsek/Documents/home/padadiddle/src/app/index.tsx": {"path":"/Users/michalsek/Documents/home/padadiddle/src/app/index.tsx","statementMap":{"0":{"start":{"line":8,"column":2},"end":{"line":8,"column":44}}},"fnMap":{"0":{"name":"IndexScreen","decl":{"start":{"line":7,"column":24},"end":{"line":7,"column":35}},"loc":{"start":{"line":7,"column":38},"end":{"line":9,"column":1}},"line":7}},"branchMap":{},"s":{"0":1},"f":{"0":1},"b":{},"_coverageSchema":"1a1c01bbd47fc00a2c39e90264f33305004495a9","hash":"ee68d88fe6c455d8f2cc33edecc0ed7b3875b679"}
,"/Users/michalsek/Documents/home/padadiddle/src/app/settings.tsx": {"path":"/Users/michalsek/Documents/home/padadiddle/src/app/settings.tsx","statementMap":{"0":{"start":{"line":16,"column":2},"end":{"line":16,"column":33}},"1":{"start":{"line":25,"column":17},"end":{"line":25,"column":28}},"2":{"start":{"line":27,"column":31},"end":{"line":35,"column":3}},"3":{"start":{"line":29,"column":6},"end":{"line":29,"column":23}},"4":{"start":{"line":30,"column":6},"end":{"line":32,"column":12}},"5":{"start":{"line":31,"column":8},"end":{"line":31,"column":26}},"6":{"start":{"line":37,"column":60},"end":{"line":53,"column":3}},"7":{"start":{"line":41,"column":21},"end":{"line":41,"column":49}},"8":{"start":{"line":46,"column":21},"end":{"line":46,"column":34}},"9":{"start":{"line":51,"column":21},"end":{"line":51,"column":49}},"10":{"start":{"line":55,"column":2},"end":{"line":66,"column":4}},"11":{"start":{"line":58,"column":30},"end":{"line":58,"column":38}},"12":{"start":{"line":61,"column":8},"end":{"line":63,"column":15}},"13":{"start":{"line":62,"column":52},"end":{"line":62,"column":88}}},"fnMap":{"0":{"name":"generateTmpId","decl":{"start":{"line":15,"column":9},"end":{"line":15,"column":22}},"loc":{"start":{"line":15,"column":33},"end":{"line":17,"column":1}},"line":15},"1":{"name":"SettingsScreen","decl":{"start":{"line":24,"column":24},"end":{"line":24,"column":38}},"loc":{"start":{"line":24,"column":41},"end":{"line":67,"column":1}},"line":24},"2":{"name":"(anonymous_2)","decl":{"start":{"line":28,"column":4},"end":{"line":28,"column":5}},"loc":{"start":{"line":28,"column":20},"end":{"line":33,"column":5}},"line":28},"3":{"name":"(anonymous_3)","decl":{"start":{"line":30,"column":17},"end":{"line":30,"column":18}},"loc":{"start":{"line":30,"column":23},"end":{"line":32,"column":7}},"line":30},"4":{"name":"(anonymous_4)","decl":{"start":{"line":41,"column":15},"end":{"line":41,"column":16}},"loc":{"start":{"line":41,"column":21},"end":{"line":41,"column":49}},"line":41},"5":{"name":"(anonymous_5)","decl":{"start":{"line":46,"column":15},"end":{"line":46,"column":16}},"loc":{"start":{"line":46,"column":21},"end":{"line":46,"column":34}},"line":46},"6":{"name":"(anonymous_6)","decl":{"start":{"line":51,"column":15},"end":{"line":51,"column":16}},"loc":{"start":{"line":51,"column":21},"end":{"line":51,"column":49}},"line":51},"7":{"name":"(anonymous_7)","decl":{"start":{"line":58,"column":20},"end":{"line":58,"column":21}},"loc":{"start":{"line":58,"column":30},"end":{"line":58,"column":38}},"line":58},"8":{"name":"(anonymous_8)","decl":{"start":{"line":60,"column":18},"end":{"line":60,"column":19}},"loc":{"start":{"line":61,"column":8},"end":{"line":63,"column":15}},"line":61},"9":{"name":"(anonymous_9)","decl":{"start":{"line":62,"column":46},"end":{"line":62,"column":47}},"loc":{"start":{"line":62,"column":52},"end":{"line":62,"column":88}},"line":62}},"branchMap":{},"s":{"0":2,"1":2,"2":2,"3":3,"4":3,"5":3,"6":2,"7":1,"8":1,"9":1,"10":2,"11":8,"12":6,"13":3},"f":{"0":2,"1":2,"2":3,"3":3,"4":1,"5":1,"6":1,"7":8,"8":6,"9":3},"b":{},"_coverageSchema":"1a1c01bbd47fc00a2c39e90264f33305004495a9","hash":"cf4a9c6cd5ca3f7ab0fa61288fb6ec417bab5a8b"}
,"/Users/michalsek/Documents/home/padadiddle/src/app/editor/[id].tsx": {"path":"/Users/michalsek/Documents/home/padadiddle/src/app/editor/[id].tsx","statementMap":{"0":{"start":{"line":8,"column":2},"end":{"line":8,"column":29}}},"fnMap":{"0":{"name":"EditorScreen","decl":{"start":{"line":7,"column":24},"end":{"line":7,"column":36}},"loc":{"start":{"line":7,"column":39},"end":{"line":9,"column":1}},"line":7}},"branchMap":{},"s":{"0":0},"f":{"0":0},"b":{}}
,"/Users/michalsek/Documents/home/padadiddle/src/app/editor/new.tsx": {"path":"/Users/michalsek/Documents/home/padadiddle/src/app/editor/new.tsx","statementMap":{"0":{"start":{"line":8,"column":2},"end":{"line":8,"column":33}}},"fnMap":{"0":{"name":"EditorNewScreen","decl":{"start":{"line":7,"column":24},"end":{"line":7,"column":39}},"loc":{"start":{"line":7,"column":42},"end":{"line":9,"column":1}},"line":7}},"branchMap":{},"s":{"0":0},"f":{"0":0},"b":{}}
,"/Users/michalsek/Documents/home/padadiddle/src/app/player/[id].tsx": {"path":"/Users/michalsek/Documents/home/padadiddle/src/app/player/[id].tsx","statementMap":{"0":{"start":{"line":8,"column":2},"end":{"line":8,"column":29}}},"fnMap":{"0":{"name":"PlayerScreen","decl":{"start":{"line":7,"column":24},"end":{"line":7,"column":36}},"loc":{"start":{"line":7,"column":39},"end":{"line":9,"column":1}},"line":7}},"branchMap":{},"s":{"0":0},"f":{"0":0},"b":{}}
,"/Users/michalsek/Documents/home/padadiddle/src/theme/index.ts": {"path":"/Users/michalsek/Documents/home/padadiddle/src/theme/index.ts","statementMap":{},"fnMap":{},"branchMap":{},"s":{},"f":{},"b":{}}
,"/Users/michalsek/Documents/home/padadiddle/src/theme/styleSheet.ts": {"path":"/Users/michalsek/Documents/home/padadiddle/src/theme/styleSheet.ts","statementMap":{"0":{"start":{"line":22,"column":2},"end":{"line":25,"column":4}}},"fnMap":{"0":{"name":"createStyleSheet","decl":{"start":{"line":19,"column":16},"end":{"line":19,"column":32}},"loc":{"start":{"line":21,"column":23},"end":{"line":26,"column":1}},"line":21}},"branchMap":{},"s":{"0":0},"f":{"0":0},"b":{}}
,"/Users/michalsek/Documents/home/padadiddle/src/theme/theme.ts": {"path":"/Users/michalsek/Documents/home/padadiddle/src/theme/theme.ts","statementMap":{"0":{"start":{"line":11,"column":2},"end":{"line":29,"column":4}},"1":{"start":{"line":40,"column":2},"end":{"line":48,"column":4}},"2":{"start":{"line":56,"column":33},"end":{"line":68,"column":1}},"3":{"start":{"line":75,"column":32},"end":{"line":87,"column":1}},"4":{"start":{"line":94,"column":22},"end":{"line":97,"column":36}}},"fnMap":{"0":{"name":"createTextTokens","decl":{"start":{"line":10,"column":9},"end":{"line":10,"column":25}},"loc":{"start":{"line":10,"column":43},"end":{"line":30,"column":1}},"line":10},"1":{"name":"createSpacingTokens","decl":{"start":{"line":39,"column":9},"end":{"line":39,"column":28}},"loc":{"start":{"line":39,"column":49},"end":{"line":49,"column":1}},"line":39}},"branchMap":{},"s":{"0":0,"1":0,"2":0,"3":0,"4":0},"f":{"0":0,"1":0},"b":{}}
,"/Users/michalsek/Documents/home/padadiddle/src/theme/useStyles.ts": {"path":"/Users/michalsek/Documents/home/padadiddle/src/theme/useStyles.ts","statementMap":{"0":{"start":{"line":16,"column":22},"end":{"line":16,"column":38}},"1":{"start":{"line":17,"column":33},"end":{"line":17,"column":74}},"2":{"start":{"line":19,"column":2},"end":{"line":19,"column":67}},"3":{"start":{"line":19,"column":23},"end":{"line":19,"column":42}}},"fnMap":{"0":{"name":"useStyles","decl":{"start":{"line":15,"column":16},"end":{"line":15,"column":25}},"loc":{"start":{"line":15,"column":62},"end":{"line":20,"column":1}},"line":15},"1":{"name":"(anonymous_1)","decl":{"start":{"line":19,"column":17},"end":{"line":19,"column":18}},"loc":{"start":{"line":19,"column":23},"end":{"line":19,"column":42}},"line":19}},"branchMap":{"0":{"loc":{"start":{"line":17,"column":33},"end":{"line":17,"column":74}},"type":"cond-expr","locations":[{"start":{"line":17,"column":58},"end":{"line":17,"column":64}},{"start":{"line":17,"column":67},"end":{"line":17,"column":74}}],"line":17}},"s":{"0":0,"1":0,"2":0,"3":0},"f":{"0":0,"1":0},"b":{"0":[0,0]}}
}
