TN:
SF:src/App.tsx
FN:10,App
FNF:1
FNH:0
FNDA:0,App
DA:3,0
DA:11,0
LF:2
LH:0
BRF:0
BRH:0
end_of_record
TN:
SF:src/app/_layout.tsx
FN:11,RootLayout
FN:18,(anonymous_1)
FNF:2
FNH:0
FNDA:0,RootLayout
FNDA:0,(anonymous_1)
DA:12,0
DA:19,0
LF:2
LH:0
BRF:0
BRH:0
end_of_record
TN:
SF:src/app/index.tsx
FN:7,IndexScreen
FNF:1
FNH:1
FNDA:1,IndexScreen
DA:8,1
LF:1
LH:1
BRF:0
BRH:0
end_of_record
TN:
SF:src/app/settings.tsx
FN:15,generateTmpId
FN:24,SettingsScreen
FN:28,(anonymous_2)
FN:30,(anonymous_3)
FN:41,(anonymous_4)
FN:46,(anonymous_5)
FN:51,(anonymous_6)
FN:58,(anonymous_7)
FN:60,(anonymous_8)
FN:62,(anonymous_9)
FNF:10
FNH:10
FNDA:2,generateTmpId
FNDA:2,SettingsScreen
FNDA:3,(anonymous_2)
FNDA:3,(anonymous_3)
FNDA:1,(anonymous_4)
FNDA:1,(anonymous_5)
FNDA:1,(anonymous_6)
FNDA:8,(anonymous_7)
FNDA:6,(anonymous_8)
FNDA:3,(anonymous_9)
DA:16,2
DA:25,2
DA:27,2
DA:29,3
DA:30,3
DA:31,3
DA:37,2
DA:41,1
DA:46,1
DA:51,1
DA:55,2
DA:58,8
DA:61,6
DA:62,3
LF:14
LH:14
BRF:0
BRH:0
end_of_record
TN:
SF:src/app/editor/[id].tsx
FN:7,EditorScreen
FNF:1
FNH:0
FNDA:0,EditorScreen
DA:8,0
LF:1
LH:0
BRF:0
BRH:0
end_of_record
TN:
SF:src/app/editor/new.tsx
FN:7,EditorNewScreen
FNF:1
FNH:0
FNDA:0,EditorNewScreen
DA:8,0
LF:1
LH:0
BRF:0
BRH:0
end_of_record
TN:
SF:src/app/player/[id].tsx
FN:7,PlayerScreen
FNF:1
FNH:0
FNDA:0,PlayerScreen
DA:8,0
LF:1
LH:0
BRF:0
BRH:0
end_of_record
TN:
SF:src/theme/index.ts
FNF:0
FNH:0
LF:0
LH:0
BRF:0
BRH:0
end_of_record
TN:
SF:src/theme/styleSheet.ts
FN:19,createStyleSheet
FNF:1
FNH:0
FNDA:0,createStyleSheet
DA:22,0
LF:1
LH:0
BRF:0
BRH:0
end_of_record
TN:
SF:src/theme/theme.ts
FN:10,createTextTokens
FN:39,createSpacingTokens
FNF:2
FNH:0
FNDA:0,createTextTokens
FNDA:0,createSpacingTokens
DA:11,0
DA:40,0
DA:56,0
DA:75,0
DA:94,0
LF:5
LH:0
BRF:0
BRH:0
end_of_record
TN:
SF:src/theme/useStyles.ts
FN:15,useStyles
FN:19,(anonymous_1)
FNF:2
FNH:0
FNDA:0,useStyles
FNDA:0,(anonymous_1)
DA:16,0
DA:17,0
DA:19,0
LF:3
LH:0
BRDA:17,0,0,0
BRDA:17,0,1,0
BRF:2
BRH:0
end_of_record
